# JRE version: OpenJDK Runtime Environment (11.0.13+8) (build 11.0.13+8-Ubuntu-0ubuntu1.20.04)
# Java VM: OpenJDK 64-Bit Server VM (11.0.13+8-Ubuntu-0ubuntu1.20.04, mixed mode, sharing, tiered, compressed oops, g1 gc, linux-amd64)
Heap:
 garbage-first heap   total 155648K, used 103885K [0x0000000085600000, 0x0000000100000000)
  region size 1024K, 78 young (79872K), 9 survivors (9216K)
 Metaspace       used 72916K, capacity 74971K, committed 75256K, reserved 1114112K
  class space    used 9531K, capacity 10353K, committed 10488K, reserved 1048576K
GC Heap History (20 events):
Event: 6.942 GC heap after
{Heap after GC invocations=3 (full 0):
 garbage-first heap   total 129024K, used 11733K [0x0000000085600000, 0x0000000100000000)
  region size 1024K, 7 young (7168K), 7 survivors (7168K)
 Metaspace       used 15401K, capacity 15942K, committed 16128K, reserved 1062912K
  class space    used 1991K, capacity 2204K, committed 2304K, reserved 1048576K
}
Event: 7.440 GC heap before
{Heap before GC invocations=3 (full 0):
 garbage-first heap   total 129024K, used 41429K [0x0000000085600000, 0x0000000100000000)
  region size 1024K, 37 young (37888K), 7 survivors (7168K)
 Metaspace       used 20499K, capacity 21137K, committed 21248K, reserved 1067008K
  class space    used 2572K, capacity 2812K, committed 2816K, reserved 1048576K
}
Event: 7.457 GC heap after
{Heap after GC invocations=4 (full 0):
 garbage-first heap   total 129024K, used 13628K [0x0000000085600000, 0x0000000100000000)
  region size 1024K, 6 young (6144K), 6 survivors (6144K)
 Metaspace       used 20499K, capacity 21137K, committed 21248K, reserved 1067008K
  class space    used 2572K, capacity 2812K, committed 2816K, reserved 1048576K
}
Event: 7.772 GC heap before
{Heap before GC invocations=5 (full 0):
 garbage-first heap   total 129024K, used 71996K [0x0000000085600000, 0x0000000100000000)
  region size 1024K, 64 young (65536K), 6 survivors (6144K)
 Metaspace       used 23087K, capacity 23831K, committed 24064K, reserved 1071104K
  class space    used 2918K, capacity 3220K, committed 3328K, reserved 1048576K
}
Event: 7.785 GC heap after
{Heap after GC invocations=6 (full 0):
 garbage-first heap   total 129024K, used 14690K [0x0000000085600000, 0x0000000100000000)
  region size 1024K, 3 young (3072K), 3 survivors (3072K)
 Metaspace       used 23087K, capacity 23831K, committed 24064K, reserved 1071104K
  class space    used 2918K, capacity 3220K, committed 3328K, reserved 1048576K
}
Event: 9.091 GC heap before
{Heap before GC invocations=6 (full 0):
 garbage-first heap   total 129024K, used 76130K [0x0000000085600000, 0x0000000100000000)
  region size 1024K, 63 young (64512K), 3 survivors (3072K)
 Metaspace       used 27688K, capacity 28750K, committed 28800K, reserved 1075200K
  class space    used 3499K, capacity 3932K, committed 3968K, reserved 1048576K
}
Event: 9.106 GC heap after
{Heap after GC invocations=7 (full 0):
 garbage-first heap   total 129024K, used 16703K [0x0000000085600000, 0x0000000100000000)
  region size 1024K, 5 young (5120K), 5 survivors (5120K)
 Metaspace       used 27688K, capacity 28750K, committed 28800K, reserved 1075200K
  class space    used 3499K, capacity 3932K, committed 3968K, reserved 1048576K
}
Event: 10.421 GC heap before
{Heap before GC invocations=7 (full 0):
 garbage-first heap   total 129024K, used 79167K [0x0000000085600000, 0x0000000100000000)
  region size 1024K, 67 young (68608K), 5 survivors (5120K)
 Metaspace       used 33397K, capacity 34695K, committed 34816K, reserved 1079296K
  class space    used 4254K, capacity 4769K, committed 4864K, reserved 1048576K
}
Event: 10.429 GC heap after
{Heap after GC invocations=8 (full 0):
 garbage-first heap   total 129024K, used 19543K [0x0000000085600000, 0x0000000100000000)
  region size 1024K, 7 young (7168K), 7 survivors (7168K)
 Metaspace       used 33397K, capacity 34695K, committed 34816K, reserved 1079296K
  class space    used 4254K, capacity 4769K, committed 4864K, reserved 1048576K
}
Event: 10.593 GC heap before
{Heap before GC invocations=8 (full 0):
 garbage-first heap   total 129024K, used 82007K [0x0000000085600000, 0x0000000100000000)
  region size 1024K, 69 young (70656K), 7 survivors (7168K)
 Metaspace       used 34120K, capacity 35359K, committed 35584K, reserved 1079296K
  class space    used 4318K, capacity 4841K, committed 4864K, reserved 1048576K
}
Event: 10.608 GC heap after
{Heap after GC invocations=9 (full 0):
 garbage-first heap   total 129024K, used 20175K [0x0000000085600000, 0x0000000100000000)
  region size 1024K, 4 young (4096K), 4 survivors (4096K)
 Metaspace       used 34120K, capacity 35359K, committed 35584K, reserved 1079296K
  class space    used 4318K, capacity 4841K, committed 4864K, reserved 1048576K
}
Event: 10.631 GC heap before
{Heap before GC invocations=9 (full 0):
 garbage-first heap   total 129024K, used 21199K [0x0000000085600000, 0x0000000100000000)
  region size 1024K, 6 young (6144K), 4 survivors (4096K)
 Metaspace       used 34261K, capacity 35537K, committed 35584K, reserved 1079296K
  class space    used 4339K, capacity 4858K, committed 4864K, reserved 1048576K
}
Event: 10.638 GC heap after
{Heap after GC invocations=10 (full 0):
 garbage-first heap   total 155648K, used 19945K [0x0000000085600000, 0x0000000100000000)
  region size 1024K, 4 young (4096K), 4 survivors (4096K)
 Metaspace       used 34261K, capacity 35537K, committed 35584K, reserved 1079296K
  class space    used 4339K, capacity 4858K, committed 4864K, reserved 1048576K
}
Event: 13.419 GC heap before
{Heap before GC invocations=11 (full 0):
 garbage-first heap   total 155648K, used 93673K [0x0000000085600000, 0x0000000100000000)
  region size 1024K, 76 young (77824K), 4 survivors (4096K)
 Metaspace       used 49153K, capacity 50524K, committed 50808K, reserved 1093632K
  class space    used 6379K, capacity 6924K, committed 7032K, reserved 1048576K
}
Event: 13.445 GC heap after
{Heap after GC invocations=12 (full 0):
 garbage-first heap   total 155648K, used 24896K [0x0000000085600000, 0x0000000100000000)
  region size 1024K, 9 young (9216K), 9 survivors (9216K)
 Metaspace       used 49153K, capacity 50524K, committed 50808K, reserved 1093632K
  class space    used 6379K, capacity 6924K, committed 7032K, reserved 1048576K
}
Event: 14.542 GC heap before
{Heap before GC invocations=12 (full 0):
 garbage-first heap   total 155648K, used 77120K [0x0000000085600000, 0x0000000100000000)
  region size 1024K, 61 young (62464K), 9 survivors (9216K)
 Metaspace       used 58245K, capacity 59806K, committed 59936K, reserved 1101824K
  class space    used 7672K, capacity 8289K, committed 8312K, reserved 1048576K
}
Event: 14.564 GC heap after
{Heap after GC invocations=13 (full 0):
 garbage-first heap   total 155648K, used 27322K [0x0000000085600000, 0x0000000100000000)
  region size 1024K, 8 young (8192K), 8 survivors (8192K)
 Metaspace       used 58245K, capacity 59806K, committed 59936K, reserved 1101824K
  class space    used 7672K, capacity 8289K, committed 8312K, reserved 1048576K
}
Event: 16.373 GC heap before
{Heap before GC invocations=14 (full 0):
 garbage-first heap   total 155648K, used 108218K [0x0000000085600000, 0x0000000100000000)
  region size 1024K, 88 young (90112K), 8 survivors (8192K)
 Metaspace       used 65731K, capacity 67633K, committed 67960K, reserved 1107968K
  class space    used 8692K, capacity 9453K, committed 9592K, reserved 1048576K
}
Event: 16.393 GC heap after
{Heap after GC invocations=15 (full 0):
 garbage-first heap   total 155648K, used 33574K [0x0000000085600000, 0x0000000100000000)
  region size 1024K, 9 young (9216K), 9 survivors (9216K)
 Metaspace       used 65731K, capacity 67633K, committed 67960K, reserved 1107968K
  class space    used 8692K, capacity 9453K, committed 9592K, reserved 1048576K
}
Event: 405.334 GC heap before
{Heap before GC invocations=16 (full 0):
 garbage-first heap   total 155648K, used 103206K [0x0000000085600000, 0x0000000100000000)
  region size 1024K, 78 young (79872K), 9 survivors (9216K)
 Metaspace       used 72916K, capacity 74971K, committed 75256K, reserved 1114112K
  class space    used 9531K, capacity 10353K, committed 10488K, reserved 1048576K
}

